<?xml version="1.0" encoding="UTF-8"?>
<coverage generated="1693441528259" clover="3.2.0">
  <project timestamp="1693441528259" name="All files">
    <metrics statements="67" coveredstatements="67" conditionals="27" coveredconditionals="23" methods="19" coveredmethods="19" elements="113" coveredelements="109" complexity="0" loc="67" ncloc="67" packages="4" files="4" classes="4"/>
    <package name="entities.builders">
      <metrics statements="14" coveredstatements="14" conditionals="0" coveredconditionals="0" methods="6" coveredmethods="6"/>
      <file name="response-builder.ts" path="/Users/mihael/sbf/desafio-node/src/entities/builders/response-builder.ts">
        <metrics statements="14" coveredstatements="14" conditionals="0" coveredconditionals="0" methods="6" coveredmethods="6"/>
        <line num="3" count="1" type="stmt"/>
        <line num="7" count="6" type="stmt"/>
        <line num="14" count="1" type="stmt"/>
        <line num="15" count="6" type="stmt"/>
        <line num="16" count="6" type="stmt"/>
        <line num="19" count="1" type="stmt"/>
        <line num="20" count="6" type="stmt"/>
        <line num="21" count="6" type="stmt"/>
        <line num="24" count="1" type="stmt"/>
        <line num="25" count="6" type="stmt"/>
        <line num="26" count="6" type="stmt"/>
        <line num="29" count="1" type="stmt"/>
        <line num="30" count="6" type="stmt"/>
        <line num="32" count="1" type="stmt"/>
      </file>
    </package>
    <package name="interface-adapters.gateways.adapters.mock">
      <metrics statements="13" coveredstatements="13" conditionals="3" coveredconditionals="2" methods="6" coveredmethods="6"/>
      <file name="conversion-mock-api-adapter.ts" path="/Users/mihael/sbf/desafio-node/src/interface-adapters/gateways/adapters/mock/conversion-mock-api-adapter.ts">
        <metrics statements="13" coveredstatements="13" conditionals="3" coveredconditionals="2" methods="6" coveredmethods="6"/>
        <line num="4" count="1" type="stmt"/>
        <line num="7" count="2" type="cond" truecount="1" falsecount="1"/>
        <line num="8" count="2" type="cond" truecount="1" falsecount="0"/>
        <line num="9" count="1" type="stmt"/>
        <line num="12" count="1" type="stmt"/>
        <line num="21" count="4" type="stmt"/>
        <line num="22" count="1" type="stmt"/>
        <line num="24" count="1" type="stmt"/>
        <line num="25" count="3" type="stmt"/>
        <line num="28" count="1" type="stmt"/>
        <line num="34" count="1" type="stmt"/>
        <line num="35" count="1" type="stmt"/>
        <line num="40" count="1" type="stmt"/>
      </file>
    </package>
    <package name="interface-adapters.gateways.facade">
      <metrics statements="13" coveredstatements="13" conditionals="3" coveredconditionals="3" methods="3" coveredmethods="3"/>
      <file name="converters-facade.ts" path="/Users/mihael/sbf/desafio-node/src/interface-adapters/gateways/facade/converters-facade.ts">
        <metrics statements="13" coveredstatements="13" conditionals="3" coveredconditionals="3" methods="3" coveredmethods="3"/>
        <line num="1" count="1" type="stmt"/>
        <line num="7" count="1" type="stmt"/>
        <line num="12" count="6" type="stmt"/>
        <line num="15" count="2" type="stmt"/>
        <line num="16" count="2" type="stmt"/>
        <line num="17" count="2" type="stmt"/>
        <line num="21" count="4" type="cond" truecount="1" falsecount="0"/>
        <line num="22" count="2" type="stmt"/>
        <line num="23" count="2" type="stmt"/>
        <line num="25" count="2" type="cond" truecount="1" falsecount="0"/>
        <line num="26" count="1" type="stmt"/>
        <line num="30" count="2" type="cond" truecount="1" falsecount="0"/>
        <line num="32" count="1" type="stmt"/>
      </file>
    </package>
    <package name="usecases">
      <metrics statements="27" coveredstatements="27" conditionals="21" coveredconditionals="18" methods="4" coveredmethods="4"/>
      <file name="get-conversions-usecase.ts" path="/Users/mihael/sbf/desafio-node/src/usecases/get-conversions-usecase.ts">
        <metrics statements="27" coveredstatements="27" conditionals="21" coveredconditionals="18" methods="4" coveredmethods="4"/>
        <line num="1" count="1" type="stmt"/>
        <line num="2" count="1" type="stmt"/>
        <line num="3" count="1" type="stmt"/>
        <line num="15" count="1" type="stmt"/>
        <line num="18" count="6" type="stmt"/>
        <line num="21" count="2" type="stmt"/>
        <line num="22" count="2" type="stmt"/>
        <line num="23" count="2" type="stmt"/>
        <line num="26" count="1" type="stmt"/>
        <line num="27" count="6" type="stmt"/>
        <line num="29" count="6" type="cond" truecount="14" falsecount="3"/>
        <line num="30" count="3" type="stmt"/>
        <line num="31" count="3" type="stmt"/>
        <line num="34" count="3" type="stmt"/>
        <line num="36" count="3" type="cond" truecount="1" falsecount="0"/>
        <line num="37" count="1" type="stmt"/>
        <line num="38" count="1" type="stmt"/>
        <line num="41" count="2" type="stmt"/>
        <line num="42" count="2" type="stmt"/>
        <line num="47" count="2" type="cond" truecount="1" falsecount="0"/>
        <line num="51" count="1" type="cond" truecount="2" falsecount="0"/>
        <line num="53" count="1" type="stmt"/>
        <line num="54" count="1" type="stmt"/>
        <line num="57" count="1" type="stmt"/>
        <line num="58" count="1" type="stmt"/>
        <line num="60" count="1" type="stmt"/>
        <line num="62" count="1" type="stmt"/>
      </file>
    </package>
  </project>
</coverage>
