{"/Users/mihael/sbf/desafio-node/src/entities/builders/response-builder.ts": {"path":"/Users/mihael/sbf/desafio-node/src/entities/builders/response-builder.ts","statementMap":{"0":{"start":{"line":3,"column":0},"end":{"line":3,"column":13}},"1":{"start":{"line":7,"column":4},"end":{"line":11,"column":6}},"2":{"start":{"line":14,"column":9},"end":{"line":17,"column":null}},"3":{"start":{"line":15,"column":4},"end":{"line":15,"column":38}},"4":{"start":{"line":16,"column":4},"end":{"line":16,"column":16}},"5":{"start":{"line":19,"column":9},"end":{"line":22,"column":null}},"6":{"start":{"line":20,"column":4},"end":{"line":20,"column":36}},"7":{"start":{"line":21,"column":4},"end":{"line":21,"column":16}},"8":{"start":{"line":24,"column":9},"end":{"line":27,"column":null}},"9":{"start":{"line":25,"column":4},"end":{"line":25,"column":42}},"10":{"start":{"line":26,"column":4},"end":{"line":26,"column":16}},"11":{"start":{"line":29,"column":9},"end":{"line":31,"column":null}},"12":{"start":{"line":30,"column":4},"end":{"line":30,"column":29}},"13":{"start":{"line":32,"column":0},"end":{"line":32,"column":null}},"14":{"start":{"line":3,"column":13},"end":{"line":3,"column":28}}},"fnMap":{"0":{"name":"(anonymous_0)","decl":{"start":{"line":3,"column":0},"end":{"line":3,"column":13}},"loc":{"start":{"line":3,"column":0},"end":{"line":32,"column":null}}},"1":{"name":"ResponseBuilder","decl":{"start":{"line":6,"column":2},"end":{"line":6,"column":null}},"loc":{"start":{"line":6,"column":2},"end":{"line":12,"column":3}}},"2":{"name":"(anonymous_2)","decl":{"start":{"line":14,"column":2},"end":{"line":14,"column":9}},"loc":{"start":{"line":14,"column":33},"end":{"line":17,"column":3}}},"3":{"name":"(anonymous_3)","decl":{"start":{"line":19,"column":2},"end":{"line":19,"column":9}},"loc":{"start":{"line":19,"column":31},"end":{"line":22,"column":3}}},"4":{"name":"(anonymous_4)","decl":{"start":{"line":24,"column":2},"end":{"line":24,"column":9}},"loc":{"start":{"line":24,"column":34},"end":{"line":27,"column":3}}},"5":{"name":"(anonymous_5)","decl":{"start":{"line":29,"column":2},"end":{"line":29,"column":9}},"loc":{"start":{"line":29,"column":2},"end":{"line":31,"column":3}}}},"branchMap":{},"s":{"0":1,"1":6,"2":1,"3":6,"4":6,"5":1,"6":6,"7":6,"8":1,"9":6,"10":6,"11":1,"12":6,"13":1,"14":1},"f":{"0":1,"1":6,"2":6,"3":6,"4":6,"5":6},"b":{}}
,"/Users/mihael/sbf/desafio-node/src/interface-adapters/gateways/adapters/mock/conversion-mock-api-adapter.ts": {"path":"/Users/mihael/sbf/desafio-node/src/interface-adapters/gateways/adapters/mock/conversion-mock-api-adapter.ts","statementMap":{"0":{"start":{"line":4,"column":0},"end":{"line":4,"column":13}},"1":{"start":{"line":7,"column":15},"end":{"line":32,"column":null}},"2":{"start":{"line":7,"column":30},"end":{"line":7,"column":42}},"3":{"start":{"line":7,"column":42},"end":{"line":7,"column":52}},"4":{"start":{"line":7,"column":57},"end":{"line":7,"column":86}},"5":{"start":{"line":8,"column":4},"end":{"line":10,"column":null}},"6":{"start":{"line":9,"column":6},"end":{"line":9,"column":34}},"7":{"start":{"line":12,"column":10},"end":{"line":19,"column":null}},"8":{"start":{"line":21,"column":10},"end":{"line":21,"column":85}},"9":{"start":{"line":21,"column":63},"end":{"line":21,"column":84}},"10":{"start":{"line":22,"column":10},"end":{"line":22,"column":null}},"11":{"start":{"line":24,"column":4},"end":{"line":26,"column":7}},"12":{"start":{"line":25,"column":6},"end":{"line":25,"column":null}},"13":{"start":{"line":28,"column":4},"end":{"line":31,"column":null}},"14":{"start":{"line":34,"column":10},"end":{"line":38,"column":null}},"15":{"start":{"line":35,"column":4},"end":{"line":37,"column":null}},"16":{"start":{"line":40,"column":0},"end":{"line":40,"column":null}},"17":{"start":{"line":4,"column":13},"end":{"line":4,"column":37}}},"fnMap":{"0":{"name":"(anonymous_13)","decl":{"start":{"line":4,"column":0},"end":{"line":4,"column":13}},"loc":{"start":{"line":4,"column":0},"end":{"line":40,"column":null}}},"1":{"name":"ConversionMockAPIAdapter","decl":{"start":{"line":5,"column":2},"end":{"line":5,"column":17}},"loc":{"start":{"line":5,"column":2},"end":{"line":5,"column":18}}},"2":{"name":"(anonymous_15)","decl":{"start":{"line":7,"column":2},"end":{"line":7,"column":15}},"loc":{"start":{"line":7,"column":108},"end":{"line":32,"column":null}}},"3":{"name":"(anonymous_18)","decl":{"start":{"line":21,"column":58},"end":{"line":21,"column":59}},"loc":{"start":{"line":21,"column":59},"end":{"line":21,"column":64}}},"4":{"name":"(anonymous_19)","decl":{"start":{"line":24,"column":22},"end":{"line":24,"column":30}},"loc":{"start":{"line":24,"column":30},"end":{"line":26,"column":5}}},"5":{"name":"(anonymous_20)","decl":{"start":{"line":34,"column":2},"end":{"line":34,"column":10}},"loc":{"start":{"line":34,"column":2},"end":{"line":38,"column":3}}}},"branchMap":{"0":{"loc":{"start":{"line":7,"column":42},"end":{"line":7,"column":52}},"type":"cond-expr","locations":[{"start":{"line":7,"column":45},"end":{"line":7,"column":50}},{"start":{"line":7,"column":50},"end":{"line":7,"column":52}}]},"1":{"loc":{"start":{"line":8,"column":4},"end":{"line":10,"column":null}},"type":"if","locations":[{"start":{"line":8,"column":4},"end":{"line":10,"column":null}}]}},"s":{"0":1,"1":1,"2":2,"3":2,"4":2,"5":2,"6":1,"7":1,"8":1,"9":4,"10":1,"11":1,"12":3,"13":1,"14":1,"15":1,"16":1,"17":1},"f":{"0":1,"1":6,"2":2,"3":4,"4":3,"5":1},"b":{"0":[2,0],"1":[1]}}
,"/Users/mihael/sbf/desafio-node/src/interface-adapters/gateways/facade/converters-facade.ts": {"path":"/Users/mihael/sbf/desafio-node/src/interface-adapters/gateways/facade/converters-facade.ts","statementMap":{"0":{"start":{"line":1,"column":0},"end":{"line":1,"column":50}},"1":{"start":{"line":7,"column":0},"end":{"line":7,"column":13}},"2":{"start":{"line":12,"column":12},"end":{"line":12,"column":50}},"3":{"start":{"line":15,"column":15},"end":{"line":31,"column":null}},"4":{"start":{"line":15,"column":44},"end":{"line":15,"column":46}},"5":{"start":{"line":15,"column":51},"end":{"line":15,"column":80}},"6":{"start":{"line":16,"column":8},"end":{"line":16,"column":25}},"7":{"start":{"line":17,"column":8},"end":{"line":19,"column":6}},"8":{"start":{"line":21,"column":39},"end":{"line":21,"column":null}},"9":{"start":{"line":21,"column":26},"end":{"line":21,"column":null}},"10":{"start":{"line":21,"column":15},"end":{"line":21,"column":26}},"11":{"start":{"line":22,"column":13},"end":{"line":22,"column":109}},"12":{"start":{"line":22,"column":6},"end":{"line":22,"column":109}},"13":{"start":{"line":23,"column":6},"end":{"line":23,"column":25}},"14":{"start":{"line":25,"column":6},"end":{"line":27,"column":null}},"15":{"start":{"line":26,"column":8},"end":{"line":26,"column":14}},"16":{"start":{"line":30,"column":4},"end":{"line":30,"column":23}},"17":{"start":{"line":7,"column":13},"end":{"line":32,"column":null}},"18":{"start":{"line":32,"column":0},"end":{"line":32,"column":null}},"19":{"start":{"line":7,"column":13},"end":{"line":7,"column":29}}},"fnMap":{"0":{"name":"(anonymous_16)","decl":{"start":{"line":7,"column":0},"end":{"line":7,"column":13}},"loc":{"start":{"line":7,"column":0},"end":{"line":7,"column":13}}},"1":{"name":"ConvertersFacade","decl":{"start":{"line":10,"column":2},"end":{"line":10,"column":null}},"loc":{"start":{"line":12,"column":50},"end":{"line":13,"column":6}}},"2":{"name":"(anonymous_18)","decl":{"start":{"line":15,"column":2},"end":{"line":15,"column":15}},"loc":{"start":{"line":15,"column":102},"end":{"line":31,"column":null}}}},"branchMap":{"0":{"loc":{"start":{"line":30,"column":4},"end":{"line":30,"column":23}},"type":"switch","locations":[{"start":{"line":30,"column":4},"end":{"line":30,"column":23}}]},"1":{"loc":{"start":{"line":21,"column":26},"end":{"line":21,"column":null}},"type":"if","locations":[{"start":{"line":21,"column":26},"end":{"line":21,"column":null}}]},"2":{"loc":{"start":{"line":25,"column":6},"end":{"line":27,"column":null}},"type":"if","locations":[{"start":{"line":25,"column":6},"end":{"line":27,"column":null}}]}},"s":{"0":1,"1":1,"2":6,"3":1,"4":2,"5":2,"6":2,"7":2,"8":3,"9":4,"10":2,"11":2,"12":2,"13":2,"14":2,"15":1,"16":2,"17":1,"18":1,"19":1},"f":{"0":1,"1":6,"2":2},"b":{"0":[2],"1":[1],"2":[1]}}
,"/Users/mihael/sbf/desafio-node/src/usecases/get-conversions-usecase.ts": {"path":"/Users/mihael/sbf/desafio-node/src/usecases/get-conversions-usecase.ts","statementMap":{"0":{"start":{"line":1,"column":0},"end":{"line":1,"column":26}},"1":{"start":{"line":2,"column":0},"end":{"line":2,"column":50}},"2":{"start":{"line":3,"column":0},"end":{"line":3,"column":72}},"3":{"start":{"line":15,"column":0},"end":{"line":15,"column":13}},"4":{"start":{"line":18,"column":12},"end":{"line":18,"column":55}},"5":{"start":{"line":21,"column":10},"end":{"line":24,"column":null}},"6":{"start":{"line":21,"column":39},"end":{"line":21,"column":41}},"7":{"start":{"line":21,"column":46},"end":{"line":21,"column":75}},"8":{"start":{"line":22,"column":24},"end":{"line":22,"column":97}},"9":{"start":{"line":23,"column":4},"end":{"line":23,"column":23}},"10":{"start":{"line":26,"column":8},"end":{"line":61,"column":null}},"11":{"start":{"line":27,"column":10},"end":{"line":27,"column":74}},"12":{"start":{"line":29,"column":4},"end":{"line":32,"column":null}},"13":{"start":{"line":30,"column":6},"end":{"line":30,"column":183}},"14":{"start":{"line":31,"column":6},"end":{"line":31,"column":34}},"15":{"start":{"line":34,"column":12},"end":{"line":34,"column":36}},"16":{"start":{"line":36,"column":4},"end":{"line":39,"column":null}},"17":{"start":{"line":37,"column":6},"end":{"line":37,"column":90}},"18":{"start":{"line":38,"column":6},"end":{"line":38,"column":34}},"19":{"start":{"line":41,"column":17},"end":{"line":41,"column":null}},"20":{"start":{"line":41,"column":10},"end":{"line":41,"column":null}},"21":{"start":{"line":42,"column":4},"end":{"line":42,"column":null}},"22":{"start":{"line":47,"column":4},"end":{"line":55,"column":null}},"23":{"start":{"line":51,"column":12},"end":{"line":51,"column":null}},"24":{"start":{"line":53,"column":6},"end":{"line":53,"column":59}},"25":{"start":{"line":54,"column":6},"end":{"line":54,"column":34}},"26":{"start":{"line":57,"column":12},"end":{"line":57,"column":28}},"27":{"start":{"line":58,"column":4},"end":{"line":58,"column":57}},"28":{"start":{"line":60,"column":4},"end":{"line":60,"column":32}},"29":{"start":{"line":15,"column":13},"end":{"line":62,"column":null}},"30":{"start":{"line":62,"column":0},"end":{"line":62,"column":null}},"31":{"start":{"line":15,"column":13},"end":{"line":15,"column":34}}},"fnMap":{"0":{"name":"(anonymous_16)","decl":{"start":{"line":15,"column":0},"end":{"line":15,"column":13}},"loc":{"start":{"line":15,"column":0},"end":{"line":15,"column":13}}},"1":{"name":"GetConversionsUseCase","decl":{"start":{"line":16,"column":2},"end":{"line":16,"column":null}},"loc":{"start":{"line":18,"column":55},"end":{"line":19,"column":6}}},"2":{"name":"(anonymous_18)","decl":{"start":{"line":21,"column":2},"end":{"line":21,"column":10}},"loc":{"start":{"line":21,"column":97},"end":{"line":24,"column":3}}},"3":{"name":"(anonymous_19)","decl":{"start":{"line":26,"column":2},"end":{"line":26,"column":8}},"loc":{"start":{"line":26,"column":76},"end":{"line":61,"column":null}}}},"branchMap":{"0":{"loc":{"start":{"line":29,"column":4},"end":{"line":32,"column":null}},"type":"if","locations":[{"start":{"line":29,"column":4},"end":{"line":32,"column":null}}]},"1":{"loc":{"start":{"line":29,"column":8},"end":{"line":29,"column":121}},"type":"binary-expr","locations":[{"start":{"line":29,"column":8},"end":{"line":29,"column":20}},{"start":{"line":29,"column":24},"end":{"line":29,"column":47}},{"start":{"line":29,"column":47},"end":{"line":29,"column":72}},{"start":{"line":29,"column":76},"end":{"line":29,"column":121}}]},"2":{"loc":{"start":{"line":29,"column":25},"end":{"line":29,"column":43}},"type":"cond-expr","locations":[{"start":{"line":29,"column":36},"end":{"line":29,"column":38}},{"start":{"line":29,"column":25},"end":{"line":29,"column":43}}]},"3":{"loc":{"start":{"line":29,"column":25},"end":{"line":29,"column":38}},"type":"binary-expr","locations":[{"start":{"line":29,"column":25},"end":{"line":29,"column":38}},{"start":{"line":29,"column":25},"end":{"line":29,"column":38}}]},"4":{"loc":{"start":{"line":29,"column":47},"end":{"line":29,"column":72}},"type":"cond-expr","locations":[{"start":{"line":29,"column":58},"end":{"line":29,"column":60}},{"start":{"line":29,"column":47},"end":{"line":29,"column":72}}]},"5":{"loc":{"start":{"line":29,"column":47},"end":{"line":29,"column":60}},"type":"binary-expr","locations":[{"start":{"line":29,"column":47},"end":{"line":29,"column":60}},{"start":{"line":29,"column":47},"end":{"line":29,"column":60}}]},"6":{"loc":{"start":{"line":29,"column":83},"end":{"line":29,"column":108}},"type":"cond-expr","locations":[{"start":{"line":29,"column":94},"end":{"line":29,"column":96}},{"start":{"line":29,"column":83},"end":{"line":29,"column":108}}]},"7":{"loc":{"start":{"line":29,"column":83},"end":{"line":29,"column":96}},"type":"binary-expr","locations":[{"start":{"line":29,"column":83},"end":{"line":29,"column":96}},{"start":{"line":29,"column":83},"end":{"line":29,"column":96}}]},"8":{"loc":{"start":{"line":36,"column":4},"end":{"line":39,"column":null}},"type":"if","locations":[{"start":{"line":36,"column":4},"end":{"line":39,"column":null}}]},"9":{"loc":{"start":{"line":47,"column":4},"end":{"line":55,"column":null}},"type":"if","locations":[{"start":{"line":47,"column":4},"end":{"line":55,"column":null}}]},"10":{"loc":{"start":{"line":51,"column":22},"end":{"line":51,"column":63}},"type":"binary-expr","locations":[{"start":{"line":51,"column":22},"end":{"line":51,"column":32}},{"start":{"line":51,"column":36},"end":{"line":51,"column":63}}]}},"s":{"0":1,"1":1,"2":1,"3":1,"4":6,"5":1,"6":2,"7":2,"8":2,"9":2,"10":1,"11":6,"12":6,"13":3,"14":3,"15":3,"16":3,"17":1,"18":1,"19":2,"20":2,"21":2,"22":2,"23":1,"24":1,"25":1,"26":1,"27":1,"28":1,"29":1,"30":1,"31":1},"f":{"0":1,"1":6,"2":2,"3":6},"b":{"0":[3],"1":[6,6,5,2],"2":[0,6],"3":[6,6],"4":[0,5],"5":[5,5],"6":[0,2],"7":[2,2],"8":[1],"9":[1],"10":[1,1]}}
}
