TN:
SF:src/entities/builders/response-builder.ts
FN:3,(anonymous_0)
FN:6,ResponseBuilder
FN:14,(anonymous_2)
FN:19,(anonymous_3)
FN:24,(anonymous_4)
FN:29,(anonymous_5)
FNF:6
FNH:6
FNDA:1,(anonymous_0)
FNDA:6,ResponseBuilder
FNDA:6,(anonymous_2)
FNDA:6,(anonymous_3)
FNDA:6,(anonymous_4)
FNDA:6,(anonymous_5)
DA:3,1
DA:7,6
DA:14,1
DA:15,6
DA:16,6
DA:19,1
DA:20,6
DA:21,6
DA:24,1
DA:25,6
DA:26,6
DA:29,1
DA:30,6
DA:32,1
LF:14
LH:14
BRF:0
BRH:0
end_of_record
TN:
SF:src/interface-adapters/gateways/adapters/mock/conversion-mock-api-adapter.ts
FN:4,(anonymous_13)
FN:5,ConversionMockAPIAdapter
FN:7,(anonymous_15)
FN:21,(anonymous_18)
FN:24,(anonymous_19)
FN:34,(anonymous_20)
FNF:6
FNH:6
FNDA:1,(anonymous_13)
FNDA:6,ConversionMockAPIAdapter
FNDA:2,(anonymous_15)
FNDA:4,(anonymous_18)
FNDA:3,(anonymous_19)
FNDA:1,(anonymous_20)
DA:4,1
DA:7,2
DA:8,2
DA:9,1
DA:12,1
DA:21,4
DA:22,1
DA:24,1
DA:25,3
DA:28,1
DA:34,1
DA:35,1
DA:40,1
LF:13
LH:13
BRDA:7,0,0,2
BRDA:7,0,1,0
BRDA:8,1,0,1
BRF:3
BRH:2
end_of_record
TN:
SF:src/interface-adapters/gateways/facade/converters-facade.ts
FN:7,(anonymous_16)
FN:10,ConvertersFacade
FN:15,(anonymous_18)
FNF:3
FNH:3
FNDA:1,(anonymous_16)
FNDA:6,ConvertersFacade
FNDA:2,(anonymous_18)
DA:1,1
DA:7,1
DA:12,6
DA:15,2
DA:16,2
DA:17,2
DA:21,4
DA:22,2
DA:23,2
DA:25,2
DA:26,1
DA:30,2
DA:32,1
LF:13
LH:13
BRDA:30,0,0,2
BRDA:21,1,0,1
BRDA:25,2,0,1
BRF:3
BRH:3
end_of_record
TN:
SF:src/usecases/get-conversions-usecase.ts
FN:15,(anonymous_16)
FN:16,GetConversionsUseCase
FN:21,(anonymous_18)
FN:26,(anonymous_19)
FNF:4
FNH:4
FNDA:1,(anonymous_16)
FNDA:6,GetConversionsUseCase
FNDA:2,(anonymous_18)
FNDA:6,(anonymous_19)
DA:1,1
DA:2,1
DA:3,1
DA:15,1
DA:18,6
DA:21,2
DA:22,2
DA:23,2
DA:26,1
DA:27,6
DA:29,6
DA:30,3
DA:31,3
DA:34,3
DA:36,3
DA:37,1
DA:38,1
DA:41,2
DA:42,2
DA:47,2
DA:51,1
DA:53,1
DA:54,1
DA:57,1
DA:58,1
DA:60,1
DA:62,1
LF:27
LH:27
BRDA:29,0,0,3
BRDA:29,1,0,6
BRDA:29,1,1,6
BRDA:29,1,2,5
BRDA:29,1,3,2
BRDA:29,2,0,0
BRDA:29,2,1,6
BRDA:29,3,0,6
BRDA:29,3,1,6
BRDA:29,4,0,0
BRDA:29,4,1,5
BRDA:29,5,0,5
BRDA:29,5,1,5
BRDA:29,6,0,0
BRDA:29,6,1,2
BRDA:29,7,0,2
BRDA:29,7,1,2
BRDA:36,8,0,1
BRDA:47,9,0,1
BRDA:51,10,0,1
BRDA:51,10,1,1
BRF:21
BRH:18
end_of_record
